#
# A fatal error has been detected by the Java Runtime Environment:
#
#  EXCEPTION_ACCESS_VIOLATION (0xc0000005) at pc=0x00007ff8d5d3c9e0, pid=13908, tid=6976
#
# JRE version: OpenJDK Runtime Environment JBR-17.0.9+7-1087.7-nomod (17.0.9+7) (build 17.0.9+7-b1087.7)
# Java VM: OpenJDK 64-Bit Server VM JBR-17.0.9+7-1087.7-nomod (17.0.9+7-b1087.7, mixed mode, tiered, compressed oops, compressed class ptrs, g1 gc, windows-amd64)
# Problematic frame:
# V  [jvm.dll+0xc9e0]  AccessInternal::PostRuntimeDispatch<G1BarrierSet::AccessBarrier<548932,G1BarrierSet>,2,548932>::oop_access_barrier+0x0
#
# No core dump will be written. Minidumps are not enabled by default on client versions of Windows
#
# If you would like to submit a bug report, please visit:
#   https://youtrack.jetbrains.com/issues/JBR
#

---------------  S U M M A R Y ------------

Command Line: -Dmaven.multiModuleProjectDirectory=D:\PROYECTOS\SPRING+ANGULAR+ADRES+GUZMAN\Egresados-frontend\backendSpringboot -Djansi.passthrough=true -Dmaven.home=C:\Users\0.0\.m2\wrapper\dists\apache-maven-3.9.5-bin\2adeog8mj13csp1uusqnc1f2mo\apache-maven-3.9.5 -Dclassworlds.conf=C:\Users\0.0\.m2\wrapper\dists\apache-maven-3.9.5-bin\2adeog8mj13csp1uusqnc1f2mo\apache-maven-3.9.5\bin\m2.conf -Dmaven.ext.class.path=C:\Program Files\JetBrains\IntelliJ IDEA Community Edition 2023.3\plugins\maven\lib\maven-event-listener.jar -javaagent:C:\Program Files\JetBrains\IntelliJ IDEA Community Edition 2023.3\lib\idea_rt.jar=57799:C:\Program Files\JetBrains\IntelliJ IDEA Community Edition 2023.3\bin -Dfile.encoding=UTF-8 org.codehaus.classworlds.Launcher -Didea.version=2023.3 org.springframework.boot:spring-boot-maven-plugin:3.2.0:run

Host: AMD Ryzen 5 3600 6-Core Processor              , 12 cores, 15G,  Windows 10 , 64 bit Build 19041 (10.0.19041.3636)
Time: Tue Dec 12 17:22:59 2023 Hora est. Pacífico, Sudamérica elapsed time: 2.355151 seconds (0d 0h 0m 2s)

---------------  T H R E A D  ---------------

Current thread (0x000001dc1399b7f0):  JavaThread "main" [_thread_in_vm, id=6976, stack(0x0000002ad0900000,0x0000002ad0a00000)]

Stack: [0x0000002ad0900000,0x0000002ad0a00000],  sp=0x0000002ad09f93b8,  free space=996k
Native frames: (J=compiled Java code, j=interpreted, Vv=VM code, C=native code)
V  [jvm.dll+0xc9e0]  AccessInternal::PostRuntimeDispatch<G1BarrierSet::AccessBarrier<548932,G1BarrierSet>,2,548932>::oop_access_barrier+0x0  (access.inline.hpp:81)

Java frames: (J=compiled Java code, j=interpreted, Vv=VM code)
j  com.sun.tools.javac.jvm.Gen.<init>(Lcom/sun/tools/javac/util/Context;)V+267 jdk.compiler@17.0.9
j  com.sun.tools.javac.jvm.Gen.instance(Lcom/sun/tools/javac/util/Context;)Lcom/sun/tools/javac/jvm/Gen;+20 jdk.compiler@17.0.9
j  com.sun.tools.javac.jvm.ClassWriter.<init>(Lcom/sun/tools/javac/util/Context;)V+136 jdk.compiler@17.0.9
j  com.sun.tools.javac.jvm.ClassWriter.instance(Lcom/sun/tools/javac/util/Context;)Lcom/sun/tools/javac/jvm/ClassWriter;+20 jdk.compiler@17.0.9
j  com.sun.tools.javac.comp.Modules.<init>(Lcom/sun/tools/javac/util/Context;)V+260 jdk.compiler@17.0.9
j  com.sun.tools.javac.comp.Modules.instance(Lcom/sun/tools/javac/util/Context;)Lcom/sun/tools/javac/comp/Modules;+19 jdk.compiler@17.0.9
j  com.sun.tools.javac.code.Symtab.<init>(Lcom/sun/tools/javac/util/Context;)V+1041 jdk.compiler@17.0.9
j  com.sun.tools.javac.code.Symtab.instance(Lcom/sun/tools/javac/util/Context;)Lcom/sun/tools/javac/code/Symtab;+20 jdk.compiler@17.0.9
j  com.sun.tools.javac.comp.Attr.<init>(Lcom/sun/tools/javac/util/Context;)V+89 jdk.compiler@17.0.9
j  com.sun.tools.javac.comp.Attr.instance(Lcom/sun/tools/javac/util/Context;)Lcom/sun/tools/javac/comp/Attr;+20 jdk.compiler@17.0.9
j  com.sun.tools.javac.comp.Annotate.<init>(Lcom/sun/tools/javac/util/Context;)V+80 jdk.compiler@17.0.9
j  com.sun.tools.javac.comp.Annotate.instance(Lcom/sun/tools/javac/util/Context;)Lcom/sun/tools/javac/comp/Annotate;+20 jdk.compiler@17.0.9
j  com.sun.tools.javac.jvm.ClassReader.<init>(Lcom/sun/tools/javac/util/Context;)V+152 jdk.compiler@17.0.9
j  com.sun.tools.javac.jvm.ClassReader.instance(Lcom/sun/tools/javac/util/Context;)Lcom/sun/tools/javac/jvm/ClassReader;+20 jdk.compiler@17.0.9
j  com.sun.tools.javac.code.ClassFinder.<init>(Lcom/sun/tools/javac/util/Context;)V+46 jdk.compiler@17.0.9
j  com.sun.tools.javac.code.ClassFinder.instance(Lcom/sun/tools/javac/util/Context;)Lcom/sun/tools/javac/code/ClassFinder;+20 jdk.compiler@17.0.9
j  com.sun.tools.javac.main.JavaCompiler.<init>(Lcom/sun/tools/javac/util/Context;)V+130 jdk.compiler@17.0.9
j  com.sun.tools.javac.main.JavaCompiler.instance(Lcom/sun/tools/javac/util/Context;)Lcom/sun/tools/javac/main/JavaCompiler;+20 jdk.compiler@17.0.9
j  com.sun.tools.javac.processing.JavacProcessingEnvironment.<init>(Lcom/sun/tools/javac/util/Context;)V+125 jdk.compiler@17.0.9
j  com.sun.tools.javac.processing.JavacProcessingEnvironment.instance(Lcom/sun/tools/javac/util/Context;)Lcom/sun/tools/javac/processing/JavacProcessingEnvironment;+19 jdk.compiler@17.0.9
j  com.sun.tools.javac.api.BasicJavacTask.initPlugins(Ljava/util/Set;)V+148 jdk.compiler@17.0.9
j  com.sun.tools.javac.api.JavacTaskImpl.prepareCompiler(Z)V+103 jdk.compiler@17.0.9
j  com.sun.tools.javac.api.JavacTaskImpl.lambda$doCall$0()Lcom/sun/tools/javac/main/Main$Result;+2 jdk.compiler@17.0.9
j  com.sun.tools.javac.api.JavacTaskImpl$$Lambda$234+0x000000080036e5f8.call()Ljava/lang/Object;+4 jdk.compiler@17.0.9
j  com.sun.tools.javac.api.JavacTaskImpl.invocationHelper(Ljava/util/concurrent/Callable;)Lcom/sun/tools/javac/util/Pair;+20 jdk.compiler@17.0.9
j  com.sun.tools.javac.api.JavacTaskImpl.doCall()Lcom/sun/tools/javac/main/Main$Result;+7 jdk.compiler@17.0.9
j  com.sun.tools.javac.api.JavacTaskImpl.call()Ljava/lang/Boolean;+1 jdk.compiler@17.0.9
j  org.codehaus.plexus.compiler.javac.JavaxToolsCompiler.compileInProcess([Ljava/lang/String;Lorg/codehaus/plexus/compiler/CompilerConfiguration;[Ljava/lang/String;)Lorg/codehaus/plexus/compiler/CompilerResult;+136
j  org.codehaus.plexus.compiler.javac.JavacCompiler.performCompile(Lorg/codehaus/plexus/compiler/CompilerConfiguration;)Lorg/codehaus/plexus/compiler/CompilerResult;+159
j  org.apache.maven.plugin.compiler.AbstractCompilerMojo.execute()V+3570
j  org.apache.maven.plugin.compiler.CompilerMojo.execute()V+44
j  org.apache.maven.plugin.DefaultBuildPluginManager.executeMojo(Lorg/apache/maven/execution/MavenSession;Lorg/apache/maven/plugin/MojoExecution;)V+152
j  org.apache.maven.lifecycle.internal.MojoExecutor.doExecute2(Lorg/apache/maven/execution/MavenSession;Lorg/apache/maven/plugin/MojoExecution;)V+20
j  org.apache.maven.lifecycle.internal.MojoExecutor.doExecute(Lorg/apache/maven/execution/MavenSession;Lorg/apache/maven/plugin/MojoExecution;Lorg/apache/maven/lifecycle/internal/ProjectIndex;Lorg/apache/maven/lifecycle/internal/DependencyContext;)V+40
j  org.apache.maven.lifecycle.internal.MojoExecutor.execute(Lorg/apache/maven/execution/MavenSession;Lorg/apache/maven/plugin/MojoExecution;Lorg/apache/maven/lifecycle/internal/ProjectIndex;Lorg/apache/maven/lifecycle/internal/DependencyContext;)V+183
j  org.apache.maven.lifecycle.internal.MojoExecutor.execute(Lorg/apache/maven/execution/MavenSession;Lorg/apache/maven/plugin/MojoExecution;Lorg/apache/maven/lifecycle/internal/ProjectIndex;Lorg/apache/maven/lifecycle/internal/DependencyContext;Lorg/apache/maven/lifecycle/internal/PhaseRecorder;)V+6
j  org.apache.maven.lifecycle.internal.MojoExecutor.access$000(Lorg/apache/maven/lifecycle/internal/MojoExecutor;Lorg/apache/maven/execution/MavenSession;Lorg/apache/maven/plugin/MojoExecution;Lorg/apache/maven/lifecycle/internal/ProjectIndex;Lorg/apache/maven/lifecycle/internal/DependencyContext;Lorg/apache/maven/lifecycle/internal/PhaseRecorder;)V+8
j  org.apache.maven.lifecycle.internal.MojoExecutor$1.run(Lorg/apache/maven/plugin/MojoExecution;)V+21
j  org.apache.maven.plugin.DefaultMojosExecutionStrategy.execute(Ljava/util/List;Lorg/apache/maven/execution/MavenSession;Lorg/apache/maven/plugin/MojoExecutionRunner;)V+33
j  org.apache.maven.lifecycle.internal.MojoExecutor.execute(Lorg/apache/maven/execution/MavenSession;Ljava/util/List;Lorg/apache/maven/lifecycle/internal/ProjectIndex;)V+72
j  org.apache.maven.lifecycle.internal.MojoExecutor.executeForkedExecutions(Lorg/apache/maven/plugin/MojoExecution;Lorg/apache/maven/execution/MavenSession;Lorg/apache/maven/lifecycle/internal/ProjectIndex;)Ljava/util/List;+242
j  org.apache.maven.lifecycle.internal.MojoExecutor.doExecute(Lorg/apache/maven/execution/MavenSession;Lorg/apache/maven/plugin/MojoExecution;Lorg/apache/maven/lifecycle/internal/ProjectIndex;Lorg/apache/maven/lifecycle/internal/DependencyContext;)V+10
j  org.apache.maven.lifecycle.internal.MojoExecutor.execute(Lorg/apache/maven/execution/MavenSession;Lorg/apache/maven/plugin/MojoExecution;Lorg/apache/maven/lifecycle/internal/ProjectIndex;Lorg/apache/maven/lifecycle/internal/DependencyContext;)V+183
j  org.apache.maven.lifecycle.internal.MojoExecutor.execute(Lorg/apache/maven/execution/MavenSession;Lorg/apache/maven/plugin/MojoExecution;Lorg/apache/maven/lifecycle/internal/ProjectIndex;Lorg/apache/maven/lifecycle/internal/DependencyContext;Lorg/apache/maven/lifecycle/internal/PhaseRecorder;)V+6
j  org.apache.maven.lifecycle.internal.MojoExecutor.access$000(Lorg/apache/maven/lifecycle/internal/MojoExecutor;Lorg/apache/maven/execution/MavenSession;Lorg/apache/maven/plugin/MojoExecution;Lorg/apache/maven/lifecycle/internal/ProjectIndex;Lorg/apache/maven/lifecycle/internal/DependencyContext;Lorg/apache/maven/lifecycle/internal/PhaseRecorder;)V+8
j  org.apache.maven.lifecycle.internal.MojoExecutor$1.run(Lorg/apache/maven/plugin/MojoExecution;)V+21
j  org.apache.maven.plugin.DefaultMojosExecutionStrategy.execute(Ljava/util/List;Lorg/apache/maven/execution/MavenSession;Lorg/apache/maven/plugin/MojoExecutionRunner;)V+33
j  org.apache.maven.lifecycle.internal.MojoExecutor.execute(Lorg/apache/maven/execution/MavenSession;Ljava/util/List;Lorg/apache/maven/lifecycle/internal/ProjectIndex;)V+72
j  org.apache.maven.lifecycle.internal.LifecycleModuleBuilder.buildProject(Lorg/apache/maven/execution/MavenSession;Lorg/apache/maven/execution/MavenSession;Lorg/apache/maven/lifecycle/internal/ReactorContext;Lorg/apache/maven/project/MavenProject;Lorg/apache/maven/lifecycle/internal/TaskSegment;)V+151
j  org.apache.maven.lifecycle.internal.LifecycleModuleBuilder.buildProject(Lorg/apache/maven/execution/MavenSession;Lorg/apache/maven/lifecycle/internal/ReactorContext;Lorg/apache/maven/project/MavenProject;Lorg/apache/maven/lifecycle/internal/TaskSegment;)V+7
j  org.apache.maven.lifecycle.internal.builder.singlethreaded.SingleThreadedBuilder.build(Lorg/apache/maven/execution/MavenSession;Lorg/apache/maven/lifecycle/internal/ReactorContext;Lorg/apache/maven/lifecycle/internal/ProjectBuildList;Ljava/util/List;Lorg/apache/maven/lifecycle/internal/ReactorBuildStatus;)V+77
j  org.apache.maven.lifecycle.internal.LifecycleStarter.execute(Lorg/apache/maven/execution/MavenSession;)V+341
j  org.apache.maven.DefaultMaven.doExecute(Lorg/apache/maven/execution/MavenExecutionRequest;Lorg/apache/maven/execution/MavenSession;Lorg/apache/maven/execution/MavenExecutionResult;Lorg/eclipse/aether/DefaultRepositorySystemSession;)Lorg/apache/maven/execution/MavenExecutionResult;+418
j  org.apache.maven.DefaultMaven.doExecute(Lorg/apache/maven/execution/MavenExecutionRequest;)Lorg/apache/maven/execution/MavenExecutionResult;+98
j  org.apache.maven.DefaultMaven.execute(Lorg/apache/maven/execution/MavenExecutionRequest;)Lorg/apache/maven/execution/MavenExecutionResult;+2
j  org.apache.maven.cli.MavenCli.execute(Lorg/apache/maven/cli/CliRequest;)I+27
j  org.apache.maven.cli.MavenCli.doMain(Lorg/apache/maven/cli/CliRequest;)I+66
j  org.apache.maven.cli.MavenCli.main([Ljava/lang/String;Lorg/codehaus/plexus/classworlds/ClassWorld;)I+24
v  ~StubRoutines::call_stub
j  jdk.internal.reflect.NativeMethodAccessorImpl.invoke0(Ljava/lang/reflect/Method;Ljava/lang/Object;[Ljava/lang/Object;)Ljava/lang/Object;+0 java.base@17.0.9
j  jdk.internal.reflect.NativeMethodAccessorImpl.invoke(Ljava/lang/Object;[Ljava/lang/Object;)Ljava/lang/Object;+133 java.base@17.0.9
j  jdk.internal.reflect.DelegatingMethodAccessorImpl.invoke(Ljava/lang/Object;[Ljava/lang/Object;)Ljava/lang/Object;+6 java.base@17.0.9
j  java.lang.reflect.Method.invoke(Ljava/lang/Object;[Ljava/lang/Object;)Ljava/lang/Object;+59 java.base@17.0.9
j  org.codehaus.plexus.classworlds.launcher.Launcher.launchEnhanced([Ljava/lang/String;)V+45
j  org.codehaus.plexus.classworlds.launcher.Launcher.launch([Ljava/lang/String;)V+2
j  org.codehaus.plexus.classworlds.launcher.Launcher.mainWithExitCode([Ljava/lang/String;)I+108
j  org.codehaus.plexus.classworlds.launcher.Launcher.main([Ljava/lang/String;)V+1
j  org.codehaus.classworlds.Launcher.main([Ljava/lang/String;)V+1
v  ~StubRoutines::call_stub

siginfo: EXCEPTION_ACCESS_VIOLATION (0xc0000005), reading address 0xffffffffffffffff


Registers:
RAX=0x00007ff8d6683588, RBX=0x000001dc3b9901f0, RCX=0x004001dc3acd21b8, RDX=0x0000000705200000
RSP=0x0000002ad09f93b8, RBP=0x0000000000000001, RSI=0x0000000701203298, RDI=0x0000000705200000
R8 =0x000001dc3b6b9ce0, R9 =0x00000000ff1c594a, R10=0x000001dc34c935f0, R11=0x0000002ad09f96c0
R12=0x00000000ff1c594a, R13=0x000001dc3b6b9ce0, R14=0x000001dc1399a5f0, R15=0x000001dc1399b7f0
RIP=0x00007ff8d5d3c9e0, EFLAGS=0x0000000000010206


Register to memory mapping:

RIP=0x00007ff8d5d3c9e0 jvm.dll::AccessInternal::PostRuntimeDispatch<G1BarrierSet::AccessBarrier<548932,G1BarrierSet>,2,548932>::oop_access_barrier + 0x0
RAX=0x00007ff8d6683588 jvm.dll::InstanceKlass::`vftable' + 0x0
RBX=0x000001dc3b9901f0 points into unknown readable memory: 0x00000000ff1c594a | 4a 59 1c ff 00 00 00 00
RCX=0x004001dc3acd21b8 is an unknown value
RDX=0x0000000705200000 is an oop: java.security.ProtectionDomain 
{0x0000000705200000} - klass: 'java/security/ProtectionDomain'
 - ---- fields (total size 5 words):
 - private 'hasAllPerm' 'Z' @12  false
 - private final 'staticPermissions' 'Z' @13  false
 - private 'codesource' 'Ljava/security/CodeSource;' @16  a 'java/security/CodeSource'{0x00000007053808d0} (e0a7011a)
 - private 'classloader' 'Ljava/lang/ClassLoader;' @20  a 'jdk/internal/loader/ClassLoaders$AppClassLoader'{0x0000000701203298} (e0240653)
 - private 'principals' '[Ljava/security/Principal;' @24  a 'java/security/Principal'[0] {0x00000007050acef8} (e0a159df)
 - private 'permissions' 'Ljava/security/PermissionCollection;' @28  a 'sun/security/util/LazyCodeSourcePermissionCollection'{0x00000007050acd38} (e0a159a7)
 - final 'key' 'Ljava/security/ProtectionDomain$Key;' @32  a 'java/security/ProtectionDomain$Key'{0x00000007050acd28} (e0a159a5)
RSP=0x0000002ad09f93b8 is pointing into the stack for thread: 0x000001dc1399b7f0
RBP=0x0000000000000001 is an unknown value
RSI=0x0000000701203298 is an oop: jdk.internal.loader.ClassLoaders$AppClassLoader 
{0x0000000701203298} - klass: 'jdk/internal/loader/ClassLoaders$AppClassLoader'
 - ---- fields (total size 13 words):
 - private 'defaultAssertionStatus' 'Z' @12  false
 - private final 'parent' 'Ljava/lang/ClassLoader;' @24  a 'jdk/internal/loader/ClassLoaders$PlatformClassLoader'{0x0000000701203300} (e0240660)
 - private final 'name' 'Ljava/lang/String;' @28  "app"{0x000000070207b688} (e040f6d1)
 - private final 'unnamedModule' 'Ljava/lang/Module;' @32  a 'java/lang/Module'{0x00000007012c9eb8} (e02593d7)
 - private final 'nameAndId' 'Ljava/lang/String;' @36  "'app'"{0x000000070207b658} (e040f6cb)
 - private final 'parallelLockMap' 'Ljava/util/concurrent/ConcurrentHashMap;' @40  a 'java/util/concurrent/ConcurrentHashMap'{0x0000000701fab838} (e03f5707)
 - private final 'package2certs' 'Ljava/util/concurrent/ConcurrentHashMap;' @44  a 'java/util/concurrent/ConcurrentHashMap'{0x0000000701fab520} (e03f56a4)
 - private final 'classes' 'Ljava/util/ArrayList;' @48  a 'java/util/ArrayList'{0x0000000701fab4a0} (e03f5694)
 - private final 'defaultDomain' 'Ljava/security/ProtectionDomain;' @52  a 'java/security/ProtectionDomain'{0x0000000701fab430} (e03f5686)
 - private final 'packages' 'Ljava/util/concurrent/ConcurrentHashMap;' @56  a 'java/util/concurrent/ConcurrentHashMap'{0x0000000701fab220} (e03f5644)
 - private final 'libraries' 'Ljdk/internal/loader/NativeLibraries;' @60  a 'jdk/internal/loader/NativeLibraries'{0x0000000701fab0a8} (e03f5615)
 - final 'assertionLock' 'Ljava/lang/Object;' @64  a 'java/lang/Object'{0x0000000701fab098} (e03f5613)
 - private 'packageAssertionStatus' 'Ljava/util/Map;' @68  NULL (0)
 - 'classAssertionStatus' 'Ljava/util/Map;' @72  NULL (0)
 - private volatile 'classLoaderValueMap' 'Ljava/util/concurrent/ConcurrentHashMap;' @76  a 'java/util/concurrent/ConcurrentHashMap'{0x0000000701faaf28} (e03f55e5)
 - private final 'pdcache' 'Ljava/util/Map;' @80  a 'java/util/concurrent/ConcurrentHashMap'{0x0000000701faae38} (e03f55c7)
 - private final 'parent' 'Ljdk/internal/loader/BuiltinClassLoader;' @84  a 'jdk/internal/loader/ClassLoaders$PlatformClassLoader'{0x0000000701203300} (e0240660)
 - private synchronized 'ucp' 'Ljdk/internal/loader/URLClassPath;' @88  a 'jdk/internal/loader/URLClassPath'{0x0000000701faa808} (e03f5501)
 - private final 'nameToModule' 'Ljava/util/Map;' @92  a 'java/util/concurrent/ConcurrentHashMap'{0x0000000701faa448} (e03f5489)
 - private final 'moduleToReader' 'Ljava/util/Map;' @96  a 'java/util/concurrent/ConcurrentHashMap'{0x0000000701fa9f50} (e03f53ea)
 - private volatile 'resourceCache' 'Ljava/lang/ref/SoftReference;' @100  a 'java/lang/ref/SoftReference'{0x0000000701fa3030} (e03f4606)
RDI=0x0000000705200000 is an oop: java.security.ProtectionDomain 
{0x0000000705200000} - klass: 'java/security/ProtectionDomain'
 - ---- fields (total size 5 words):
 - private 'hasAllPerm' 'Z' @12  false
 - private final 'staticPermissions' 'Z' @13  false
 - private 'codesource' 'Ljava/security/CodeSource;' @16  a 'java/security/CodeSource'{0x00000007053808d0} (e0a7011a)
 - private 'classloader' 'Ljava/lang/ClassLoader;' @20  a 'jdk/internal/loader/ClassLoaders$AppClassLoader'{0x0000000701203298} (e0240653)
 - private 'principals' '[Ljava/security/Principal;' @24  a 'java/security/Principal'[0] {0x00000007050acef8} (e0a159df)
 - private 'permissions' 'Ljava/security/PermissionCollection;' @28  a 'sun/security/util/LazyCodeSourcePermissionCollection'{0x00000007050acd38} (e0a159a7)
 - final 'key' 'Ljava/security/ProtectionDomain$Key;' @32  a 'java/security/ProtectionDomain$Key'{0x00000007050acd28} (e0a159a5)
R8 =0x000001dc3b6b9ce0 points into unknown readable memory: 0x6f630032594a0005 | 05 00 4a 59 32 00 63 6f
R9 =0x00000000ff1c594a is an unknown value
R10=0x000001dc34c935f0 points into unknown readable memory: 0x20070001000003f1 | f1 03 00 00 01 00 07 20
R11=0x0000002ad09f96c0 is pointing into the stack for thread: 0x000001dc1399b7f0
R12=0x00000000ff1c594a is an unknown value
R13=0x000001dc3b6b9ce0 points into unknown readable memory: 0x6f630032594a0005 | 05 00 4a 59 32 00 63 6f
R14=0x000001dc1399a5f0 points into unknown readable memory: 0x0000000705200000 | 00 00 20 05 07 00 00 00
R15=0x000001dc1399b7f0 is a thread


Top of Stack: (sp=0x0000002ad09f93b8)
0x0000002ad09f93b8:   00007ff8d60ac950 000001dc3ad14ae0
0x0000002ad09f93c8:   0000000000000001 000001dc1399a5e0
0x0000002ad09f93d8:   00007ff8d64ebd08 000000000000002f
0x0000002ad09f93e8:   00007ff8d5fd990d 000000000000002f
0x0000002ad09f93f8:   0000002ad09f97e0 0000002ad09f9860
0x0000002ad09f9408:   00007ff8d656126b 000001dc3b9901f0
0x0000002ad09f9418:   00007ff8d5fd99cb 000001dc1399a5f0
0x0000002ad09f9428:   00000000000000fc 000001dc1399b7f0
0x0000002ad09f9438:   000001dc137f4680 000001dc137f4680
0x0000002ad09f9448:   00007ff8d64eb653 000001dc1399a600
0x0000002ad09f9458:   000001dc1399a5e0 0000002ad09f9860
0x0000002ad09f9468:   00007ff8d655fe37 0000002ad09fa5f0
0x0000002ad09f9478:   00007ff8d648a480 0000002ad09f94e0
0x0000002ad09f9488:   000001dc1399b7f0 000001dc34c935f0
0x0000002ad09f9498:   0000000000000005 0000000000000000
0x0000002ad09f94a8:   0000000000000000 000001dc3ad50000
0x0000002ad09f94b8:   0000000000000001 000001dc3ad5ae60
0x0000002ad09f94c8:   0000002ad09f9518 000001dc349a23f0
0x0000002ad09f94d8:   ffffffffffff0001 000001dc349a87f8
0x0000002ad09f94e8:   000001dc1399b7f0 000001dc137f4680
0x0000002ad09f94f8:   000001dc1399a580 000001dc1399a600
0x0000002ad09f9508:   000001dc1399a668 00000000000000d8
0x0000002ad09f9518:   0000002ad09f95c0 0000000701203298
0x0000002ad09f9528:   000001dc137f4680 000001dc1399b7f0
0x0000002ad09f9538:   0000000000000000 000001dc3b6b9ce0
0x0000002ad09f9548:   0000000000000001 000001dc1399a5f0
0x0000002ad09f9558:   00007ff8d64ebd08 000001dc349a00fe
0x0000002ad09f9568:   000001dc34c55e80 000001dc1399b7f0
0x0000002ad09f9578:   000001dc00000054 000001dc1399a5f8
0x0000002ad09f9588:   00007ff8d655b27e 000001dc1399a5f0
0x0000002ad09f9598:   0000000800043568 00000008003df160
0x0000002ad09f95a8:   0000000000000000 000001dc1399b7f0 

Instructions: (pc=0x00007ff8d5d3c9e0)
0x00007ff8d5d3c8e0:   00 00 00 48 8b 41 38 48 8b 80 68 09 00 00 48 8b
0x00007ff8d5d3c8f0:   48 08 48 8b 40 50 48 d3 ea 80 3c 02 01 0f 85 cd
0x00007ff8d5d3c900:   00 00 00 48 8b 13 0f b6 c2 24 03 3c 03 75 19 48
0x00007ff8d5d3c910:   83 e2 fc 74 13 48 3b da 74 11 48 8b c2 48 8b 5c
0x00007ff8d5d3c920:   24 38 48 83 c4 20 5e c3 48 8b d3 48 8b 46 38 0f
0x00007ff8d5d3c930:   be 88 f0 02 00 00 c1 e9 02 f6 c1 01 74 dc 48 89
0x00007ff8d5d3c940:   7c 24 30 e8 98 e3 ff ff 48 8b 0d 69 d9 bb 00 48
0x00007ff8d5d3c950:   8b f8 48 81 c1 70 09 00 00 8b 41 40 0f b6 57 21
0x00007ff8d5d3c960:   8d 42 01 88 47 21 84 d2 75 0a 48 8b d7 e8 be c0
0x00007ff8d5d3c970:   70 00 eb 20 80 7f 22 00 75 1a 8b 41 40 85 05 89
0x00007ff8d5d3c980:   bc 9b 00 74 0f b8 ff ff ff ff f0 0f c1 41 40 e8
0x00007ff8d5d3c990:   ec c0 70 00 48 8b 4e 38 4c 8b c7 48 8b d3 e8 dd
0x00007ff8d5d3c9a0:   f7 ff ff 0f b6 4f 21 48 8b d8 48 8b 15 07 d9 bb
0x00007ff8d5d3c9b0:   00 8d 41 ff 88 47 21 80 f9 01 77 0f 48 8d 8a 70
0x00007ff8d5d3c9c0:   09 00 00 48 8b d7 e8 95 c0 70 00 48 8b 7c 24 30
0x00007ff8d5d3c9d0:   48 8b c3 48 8b 5c 24 38 48 83 c4 20 5e c3 cc cc
0x00007ff8d5d3c9e0:   48 8b 01 c3 cc cc cc cc cc cc cc cc cc cc cc cc
0x00007ff8d5d3c9f0:   4c 8b 01 4c 8b c9 48 8b 0d 53 64 b7 00 ba 44 60
0x00007ff8d5d3ca00:   08 00 e9 d9 f1 ff ff cc cc cc cc cc cc cc cc cc
0x00007ff8d5d3ca10:   48 89 5c 24 08 57 48 83 ec 20 48 8b 39 48 8b d9
0x00007ff8d5d3ca20:   48 85 3d e1 47 bd 00 75 0e 48 8b c7 48 8b 5c 24
0x00007ff8d5d3ca30:   30 48 83 c4 20 5f c3 48 8b cf e8 81 6e 86 00 48
0x00007ff8d5d3ca40:   8b d0 48 85 c0 74 20 48 8b c7 f0 48 0f b1 13 74
0x00007ff8d5d3ca50:   16 48 85 05 b0 47 bd 00 74 0d 48 8b c8 f0 48 0f
0x00007ff8d5d3ca60:   b1 13 48 3b c1 75 ea 48 8b 5c 24 30 48 8b c2 48
0x00007ff8d5d3ca70:   83 c4 20 5f c3 cc cc cc cc cc cc cc cc cc cc cc
0x00007ff8d5d3ca80:   4c 8b 01 4c 8b c9 48 8b 0d c3 63 b7 00 ba 64 60
0x00007ff8d5d3ca90:   08 00 e9 49 f1 ff ff cc cc cc cc cc cc cc cc cc
0x00007ff8d5d3caa0:   8b 05 62 a8 b1 00 c3 cc cc cc cc cc cc cc cc cc
0x00007ff8d5d3cab0:   0f b6 05 e7 6c b8 00 48 8b d1 84 c0 74 16 44 8b
0x00007ff8d5d3cac0:   41 08 8b 0d 40 a8 b1 00 49 d3 e0 4c 03 05 2e a8
0x00007ff8d5d3cad0:   b1 00 eb 04 4c 8b 41 08 45 8b 50 08 45 85 d2 7e 


Stack slot to memory mapping:
stack at sp + 0 slots: 0x00007ff8d60ac950 jvm.dll::InstanceKlass::protection_domain + 0x20
stack at sp + 1 slots: 0x000001dc3ad14ae0 points into unknown readable memory: 0x6f6300240c690017 | 17 00 69 0c 24 00 63 6f
stack at sp + 2 slots: 0x0000000000000001 is an unknown value
stack at sp + 3 slots: 0x000001dc1399a5e0 points into unknown readable memory: 0x0000000705200000 | 00 00 20 05 07 00 00 00
stack at sp + 4 slots: 0x00007ff8d64ebd08 jvm.dll::SystemDictionary::resolve_or_fail + 0x28
stack at sp + 5 slots: 0x000000000000002f is an unknown value
stack at sp + 6 slots: 0x00007ff8d5fd990d jvm.dll::DictionaryEntry::contains_protection_domain + 0x1d
stack at sp + 7 slots: 0x000000000000002f is an unknown value


---------------  P R O C E S S  ---------------

Threads class SMR info:
_java_thread_list=0x000001dc34e33b20, length=15, elements={
0x000001dc1399b7f0, 0x000001dc34c4c260, 0x000001dc34c4d200, 0x000001dc34c64f80,
0x000001dc34c65a50, 0x000001dc34c66530, 0x000001dc34c79b80, 0x000001dc34c7a7b0,
0x000001dc34c7dbb0, 0x000001dc34c819f0, 0x000001dc34da8350, 0x000001dc34da8860,
0x000001dc34da7e40, 0x000001dc39133180, 0x000001dc391336d0
}

Java Threads: ( => current thread )
=>0x000001dc1399b7f0 JavaThread "main" [_thread_in_vm, id=6976, stack(0x0000002ad0900000,0x0000002ad0a00000)]
  0x000001dc34c4c260 JavaThread "Reference Handler" daemon [_thread_blocked, id=1540, stack(0x0000002ad1000000,0x0000002ad1100000)]
  0x000001dc34c4d200 JavaThread "Finalizer" daemon [_thread_blocked, id=8808, stack(0x0000002ad1100000,0x0000002ad1200000)]
  0x000001dc34c64f80 JavaThread "Signal Dispatcher" daemon [_thread_blocked, id=15492, stack(0x0000002ad1200000,0x0000002ad1300000)]
  0x000001dc34c65a50 JavaThread "Attach Listener" daemon [_thread_blocked, id=8188, stack(0x0000002ad1300000,0x0000002ad1400000)]
  0x000001dc34c66530 JavaThread "Service Thread" daemon [_thread_blocked, id=2616, stack(0x0000002ad1400000,0x0000002ad1500000)]
  0x000001dc34c79b80 JavaThread "Monitor Deflation Thread" daemon [_thread_blocked, id=9044, stack(0x0000002ad1500000,0x0000002ad1600000)]
  0x000001dc34c7a7b0 JavaThread "C2 CompilerThread0" daemon [_thread_blocked, id=16056, stack(0x0000002ad1600000,0x0000002ad1700000)]
  0x000001dc34c7dbb0 JavaThread "C1 CompilerThread0" daemon [_thread_blocked, id=15244, stack(0x0000002ad1700000,0x0000002ad1800000)]
  0x000001dc34c819f0 JavaThread "Sweeper thread" daemon [_thread_blocked, id=14460, stack(0x0000002ad1800000,0x0000002ad1900000)]
  0x000001dc34da8350 JavaThread "Common-Cleaner" daemon [_thread_blocked, id=4060, stack(0x0000002ad1900000,0x0000002ad1a00000)]
  0x000001dc34da8860 JavaThread "Monitor Ctrl-Break" daemon [_thread_in_native, id=6716, stack(0x0000002ad1a00000,0x0000002ad1b00000)]
  0x000001dc34da7e40 JavaThread "Notification Thread" daemon [_thread_blocked, id=10860, stack(0x0000002ad1b00000,0x0000002ad1c00000)]
  0x000001dc39133180 JavaThread "C2 CompilerThread1" daemon [_thread_blocked, id=15784, stack(0x0000002ad1d00000,0x0000002ad1e00000)]
  0x000001dc391336d0 JavaThread "C2 CompilerThread2" daemon [_thread_blocked, id=13580, stack(0x0000002ad1e00000,0x0000002ad1f00000)]

Other Threads:
  0x000001dc34c2a1e0 VMThread "VM Thread" [stack: 0x0000002ad0f00000,0x0000002ad1000000] [id=2320]
  0x000001dc1399c5c0 WatcherThread [stack: 0x0000002ad1c00000,0x0000002ad1d00000] [id=5452]
  0x000001dc138be7c0 GCTaskThread "GC Thread#0" [stack: 0x0000002ad0a00000,0x0000002ad0b00000] [id=13760]
  0x000001dc397df930 GCTaskThread "GC Thread#1" [stack: 0x0000002ad1f00000,0x0000002ad2000000] [id=5020]
  0x000001dc396e62c0 GCTaskThread "GC Thread#2" [stack: 0x0000002ad2000000,0x0000002ad2100000] [id=16336]
  0x000001dc396e6580 GCTaskThread "GC Thread#3" [stack: 0x0000002ad2100000,0x0000002ad2200000] [id=9876]
  0x000001dc39df7f80 GCTaskThread "GC Thread#4" [stack: 0x0000002ad2200000,0x0000002ad2300000] [id=8084]
  0x000001dc39df2920 GCTaskThread "GC Thread#5" [stack: 0x0000002ad2300000,0x0000002ad2400000] [id=6772]
  0x000001dc396d03c0 GCTaskThread "GC Thread#6" [stack: 0x0000002ad2400000,0x0000002ad2500000] [id=4524]
  0x000001dc39cb50c0 GCTaskThread "GC Thread#7" [stack: 0x0000002ad2500000,0x0000002ad2600000] [id=14428]
  0x000001dc39ead930 GCTaskThread "GC Thread#8" [stack: 0x0000002ad2600000,0x0000002ad2700000] [id=12936]
  0x000001dc39eadbf0 GCTaskThread "GC Thread#9" [stack: 0x0000002ad2700000,0x0000002ad2800000] [id=14096]
  0x000001dc13a17580 ConcurrentGCThread "G1 Main Marker" [stack: 0x0000002ad0b00000,0x0000002ad0c00000] [id=2752]
  0x000001dc13a18650 ConcurrentGCThread "G1 Conc#0" [stack: 0x0000002ad0c00000,0x0000002ad0d00000] [id=11020]
  0x000001dc39ead3b0 ConcurrentGCThread "G1 Conc#1" [stack: 0x0000002ad2800000,0x0000002ad2900000] [id=16276]
  0x000001dc39ead670 ConcurrentGCThread "G1 Conc#2" [stack: 0x0000002ad2900000,0x0000002ad2a00000] [id=10048]
  0x000001dc34949920 ConcurrentGCThread "G1 Refine#0" [stack: 0x0000002ad0d00000,0x0000002ad0e00000] [id=13824]
  0x000001dc3494a160 ConcurrentGCThread "G1 Service" [stack: 0x0000002ad0e00000,0x0000002ad0f00000] [id=13940]

Threads with active compile tasks:

VM state: not at safepoint (normal execution)

VM Mutex/Monitor currently owned by a thread: None

Heap address: 0x0000000701200000, size: 4078 MB, Compressed Oops mode: Zero based, Oop shift amount: 3

CDS archive(s) not mapped
Compressed class space mapped at: 0x0000000800000000-0x0000000840000000, reserved size: 1073741824
Narrow klass base: 0x0000000800000000, Narrow klass shift: 0, Narrow klass range: 0x40000000

GC Precious Log:
 CPUs: 12 total, 12 available
 Memory: 16309M
 Large Page Support: Disabled
 NUMA Support: Disabled
 Compressed Oops: Enabled (Zero based)
 Heap Region Size: 2M
 Heap Min Capacity: 8M
 Heap Initial Capacity: 256M
 Heap Max Capacity: 4078M
 Pre-touch: Disabled
 Parallel Workers: 10
 Concurrent Workers: 3
 Concurrent Refinement Workers: 10
 Periodic GC: Disabled

Heap:
 garbage-first heap   total 149504K, used 35120K [0x0000000701200000, 0x0000000800000000)
  region size 2048K, 11 young (22528K), 4 survivors (8192K)
 Metaspace       used 33430K, committed 33664K, reserved 1114112K
  class space    used 3753K, committed 3840K, reserved 1048576K

Heap Regions: E=young(eden), S=young(survivor), O=old, HS=humongous(starts), HC=humongous(continues), CS=collection set, F=free, OA=open archive, CA=closed archive, TAMS=top-at-mark-start (previous, next)
|   0|0x0000000701200000, 0x0000000701400000, 0x0000000701400000|100%| O|  |TAMS 0x0000000701400000, 0x0000000701200000| Untracked 
|   1|0x0000000701400000, 0x0000000701496600, 0x0000000701600000| 29%| O|  |TAMS 0x0000000701400000, 0x0000000701400000| Untracked 
|   2|0x0000000701600000, 0x0000000701800000, 0x0000000701800000|100%| O|  |TAMS 0x0000000701600000, 0x0000000701600000| Untracked 
|   3|0x0000000701800000, 0x0000000701a00000, 0x0000000701a00000|100%|HS|  |TAMS 0x0000000701800000, 0x0000000701800000| Complete 
|   4|0x0000000701a00000, 0x0000000701c00000, 0x0000000701c00000|100%|HS|  |TAMS 0x0000000701a00000, 0x0000000701a00000| Complete 
|   5|0x0000000701c00000, 0x0000000701c00000, 0x0000000701e00000|  0%| F|  |TAMS 0x0000000701c00000, 0x0000000701c00000| Untracked 
|   6|0x0000000701e00000, 0x0000000702000000, 0x0000000702000000|100%| O|  |TAMS 0x0000000701e00000, 0x0000000701e00000| Untracked 
|   7|0x0000000702000000, 0x0000000702200000, 0x0000000702200000|100%| O|  |TAMS 0x0000000702000000, 0x0000000702000000| Untracked 
|   8|0x0000000702200000, 0x0000000702400000, 0x0000000702400000|100%| O|  |TAMS 0x0000000702200000, 0x0000000702200000| Untracked 
|   9|0x0000000702400000, 0x0000000702400000, 0x0000000702600000|  0%| F|  |TAMS 0x0000000702400000, 0x0000000702400000| Untracked 
|  10|0x0000000702600000, 0x0000000702600000, 0x0000000702800000|  0%| F|  |TAMS 0x0000000702600000, 0x0000000702600000| Untracked 
|  11|0x0000000702800000, 0x0000000702800000, 0x0000000702a00000|  0%| F|  |TAMS 0x0000000702800000, 0x0000000702800000| Untracked 
|  12|0x0000000702a00000, 0x0000000702a00000, 0x0000000702c00000|  0%| F|  |TAMS 0x0000000702a00000, 0x0000000702a00000| Untracked 
|  13|0x0000000702c00000, 0x0000000702c00000, 0x0000000702e00000|  0%| F|  |TAMS 0x0000000702c00000, 0x0000000702c00000| Untracked 
|  14|0x0000000702e00000, 0x0000000702e00000, 0x0000000703000000|  0%| F|  |TAMS 0x0000000702e00000, 0x0000000702e00000| Untracked 
|  15|0x0000000703000000, 0x0000000703000000, 0x0000000703200000|  0%| F|  |TAMS 0x0000000703000000, 0x0000000703000000| Untracked 
|  16|0x0000000703200000, 0x0000000703200000, 0x0000000703400000|  0%| F|  |TAMS 0x0000000703200000, 0x0000000703200000| Untracked 
|  17|0x0000000703400000, 0x0000000703400000, 0x0000000703600000|  0%| F|  |TAMS 0x0000000703400000, 0x0000000703400000| Untracked 
|  18|0x0000000703600000, 0x0000000703600000, 0x0000000703800000|  0%| F|  |TAMS 0x0000000703600000, 0x0000000703600000| Untracked 
|  19|0x0000000703800000, 0x0000000703800000, 0x0000000703a00000|  0%| F|  |TAMS 0x0000000703800000, 0x0000000703800000| Untracked 
|  20|0x0000000703a00000, 0x0000000703a00000, 0x0000000703c00000|  0%| F|  |TAMS 0x0000000703a00000, 0x0000000703a00000| Untracked 
|  21|0x0000000703c00000, 0x0000000703c00000, 0x0000000703e00000|  0%| F|  |TAMS 0x0000000703c00000, 0x0000000703c00000| Untracked 
|  22|0x0000000703e00000, 0x0000000703e00000, 0x0000000704000000|  0%| F|  |TAMS 0x0000000703e00000, 0x0000000703e00000| Untracked 
|  23|0x0000000704000000, 0x0000000704000000, 0x0000000704200000|  0%| F|  |TAMS 0x0000000704000000, 0x0000000704000000| Untracked 
|  24|0x0000000704200000, 0x0000000704200000, 0x0000000704400000|  0%| F|  |TAMS 0x0000000704200000, 0x0000000704200000| Untracked 
|  25|0x0000000704400000, 0x0000000704400000, 0x0000000704600000|  0%| F|  |TAMS 0x0000000704400000, 0x0000000704400000| Untracked 
|  26|0x0000000704600000, 0x0000000704600000, 0x0000000704800000|  0%| F|  |TAMS 0x0000000704600000, 0x0000000704600000| Untracked 
|  27|0x0000000704800000, 0x0000000704800000, 0x0000000704a00000|  0%| F|  |TAMS 0x0000000704800000, 0x0000000704800000| Untracked 
|  28|0x0000000704a00000, 0x0000000704a00000, 0x0000000704c00000|  0%| F|  |TAMS 0x0000000704a00000, 0x0000000704a00000| Untracked 
|  29|0x0000000704c00000, 0x0000000704db5a30, 0x0000000704e00000| 85%| S|CS|TAMS 0x0000000704c00000, 0x0000000704c00000| Complete 
|  30|0x0000000704e00000, 0x0000000705000000, 0x0000000705000000|100%| S|CS|TAMS 0x0000000704e00000, 0x0000000704e00000| Complete 
|  31|0x0000000705000000, 0x0000000705200000, 0x0000000705200000|100%| S|CS|TAMS 0x0000000705000000, 0x0000000705000000| Complete 
|  32|0x0000000705200000, 0x0000000705400000, 0x0000000705400000|100%| S|CS|TAMS 0x0000000705200000, 0x0000000705200000| Complete 
|  33|0x0000000705400000, 0x0000000705400000, 0x0000000705600000|  0%| F|  |TAMS 0x0000000705400000, 0x0000000705400000| Untracked 
|  34|0x0000000705600000, 0x0000000705600000, 0x0000000705800000|  0%| F|  |TAMS 0x0000000705600000, 0x0000000705600000| Untracked 
|  35|0x0000000705800000, 0x0000000705800000, 0x0000000705a00000|  0%| F|  |TAMS 0x0000000705800000, 0x0000000705800000| Untracked 
|  36|0x0000000705a00000, 0x0000000705a00000, 0x0000000705c00000|  0%| F|  |TAMS 0x0000000705a00000, 0x0000000705a00000| Untracked 
|  37|0x0000000705c00000, 0x0000000705c00000, 0x0000000705e00000|  0%| F|  |TAMS 0x0000000705c00000, 0x0000000705c00000| Untracked 
|  38|0x0000000705e00000, 0x0000000705e00000, 0x0000000706000000|  0%| F|  |TAMS 0x0000000705e00000, 0x0000000705e00000| Untracked 
|  39|0x0000000706000000, 0x0000000706000000, 0x0000000706200000|  0%| F|  |TAMS 0x0000000706000000, 0x0000000706000000| Untracked 
|  40|0x0000000706200000, 0x0000000706200000, 0x0000000706400000|  0%| F|  |TAMS 0x0000000706200000, 0x0000000706200000| Untracked 
|  41|0x0000000706400000, 0x0000000706400000, 0x0000000706600000|  0%| F|  |TAMS 0x0000000706400000, 0x0000000706400000| Untracked 
|  42|0x0000000706600000, 0x0000000706600000, 0x0000000706800000|  0%| F|  |TAMS 0x0000000706600000, 0x0000000706600000| Untracked 
|  43|0x0000000706800000, 0x0000000706800000, 0x0000000706a00000|  0%| F|  |TAMS 0x0000000706800000, 0x0000000706800000| Untracked 
|  44|0x0000000706a00000, 0x0000000706a00000, 0x0000000706c00000|  0%| F|  |TAMS 0x0000000706a00000, 0x0000000706a00000| Untracked 
|  45|0x0000000706c00000, 0x0000000706c00000, 0x0000000706e00000|  0%| F|  |TAMS 0x0000000706c00000, 0x0000000706c00000| Untracked 
|  46|0x0000000706e00000, 0x0000000706e00000, 0x0000000707000000|  0%| F|  |TAMS 0x0000000706e00000, 0x0000000706e00000| Untracked 
|  47|0x0000000707000000, 0x0000000707000000, 0x0000000707200000|  0%| F|  |TAMS 0x0000000707000000, 0x0000000707000000| Untracked 
|  48|0x0000000707200000, 0x0000000707200000, 0x0000000707400000|  0%| F|  |TAMS 0x0000000707200000, 0x0000000707200000| Untracked 
|  49|0x0000000707400000, 0x0000000707400000, 0x0000000707600000|  0%| F|  |TAMS 0x0000000707400000, 0x0000000707400000| Untracked 
|  50|0x0000000707600000, 0x0000000707600000, 0x0000000707800000|  0%| F|  |TAMS 0x0000000707600000, 0x0000000707600000| Untracked 
|  51|0x0000000707800000, 0x0000000707800000, 0x0000000707a00000|  0%| F|  |TAMS 0x0000000707800000, 0x0000000707800000| Untracked 
|  52|0x0000000707a00000, 0x0000000707a00000, 0x0000000707c00000|  0%| F|  |TAMS 0x0000000707a00000, 0x0000000707a00000| Untracked 
|  53|0x0000000707c00000, 0x0000000707c00000, 0x0000000707e00000|  0%| F|  |TAMS 0x0000000707c00000, 0x0000000707c00000| Untracked 
|  54|0x0000000707e00000, 0x0000000707e00000, 0x0000000708000000|  0%| F|  |TAMS 0x0000000707e00000, 0x0000000707e00000| Untracked 
|  55|0x0000000708000000, 0x0000000708000000, 0x0000000708200000|  0%| F|  |TAMS 0x0000000708000000, 0x0000000708000000| Untracked 
|  56|0x0000000708200000, 0x0000000708200000, 0x0000000708400000|  0%| F|  |TAMS 0x0000000708200000, 0x0000000708200000| Untracked 
|  57|0x0000000708400000, 0x0000000708400000, 0x0000000708600000|  0%| F|  |TAMS 0x0000000708400000, 0x0000000708400000| Untracked 
|  58|0x0000000708600000, 0x0000000708600000, 0x0000000708800000|  0%| F|  |TAMS 0x0000000708600000, 0x0000000708600000| Untracked 
|  59|0x0000000708800000, 0x0000000708800000, 0x0000000708a00000|  0%| F|  |TAMS 0x0000000708800000, 0x0000000708800000| Untracked 
|  60|0x0000000708a00000, 0x0000000708a00000, 0x0000000708c00000|  0%| F|  |TAMS 0x0000000708a00000, 0x0000000708a00000| Untracked 
|  61|0x0000000708c00000, 0x0000000708c00000, 0x0000000708e00000|  0%| F|  |TAMS 0x0000000708c00000, 0x0000000708c00000| Untracked 
|  62|0x0000000708e00000, 0x0000000708e00000, 0x0000000709000000|  0%| F|  |TAMS 0x0000000708e00000, 0x0000000708e00000| Untracked 
|  63|0x0000000709000000, 0x0000000709000000, 0x0000000709200000|  0%| F|  |TAMS 0x0000000709000000, 0x0000000709000000| Untracked 
|  64|0x0000000709200000, 0x0000000709200000, 0x0000000709400000|  0%| F|  |TAMS 0x0000000709200000, 0x0000000709200000| Untracked 
|  65|0x0000000709400000, 0x0000000709400000, 0x0000000709600000|  0%| F|  |TAMS 0x0000000709400000, 0x0000000709400000| Untracked 
|  66|0x0000000709600000, 0x0000000709800000, 0x0000000709800000|100%| E|  |TAMS 0x0000000709600000, 0x0000000709600000| Complete 
|  67|0x0000000709800000, 0x0000000709a00000, 0x0000000709a00000|100%| E|CS|TAMS 0x0000000709800000, 0x0000000709800000| Complete 
|  68|0x0000000709a00000, 0x0000000709c00000, 0x0000000709c00000|100%| E|CS|TAMS 0x0000000709a00000, 0x0000000709a00000| Complete 
|  69|0x0000000709c00000, 0x0000000709e00000, 0x0000000709e00000|100%| E|CS|TAMS 0x0000000709c00000, 0x0000000709c00000| Complete 
| 118|0x000000070fe00000, 0x0000000710000000, 0x0000000710000000|100%| E|CS|TAMS 0x000000070fe00000, 0x000000070fe00000| Complete 
| 119|0x0000000710000000, 0x0000000710200000, 0x0000000710200000|100%| E|CS|TAMS 0x0000000710000000, 0x0000000710000000| Complete 
| 127|0x0000000711000000, 0x0000000711200000, 0x0000000711200000|100%| E|CS|TAMS 0x0000000711000000, 0x0000000711000000| Complete 

Card table byte_map: [0x000001dc28df0000,0x000001dc295f0000] _byte_map_base: 0x000001dc255e7000

Marking Bits (Prev, Next): (CMBitMap*) 0x000001dc13a04fd0, (CMBitMap*) 0x000001dc13a04f90
 Prev Bits: [0x000001dc2ddb0000, 0x000001dc31d68000)
 Next Bits: [0x000001dc29df0000, 0x000001dc2dda8000)

Polling page: 0x000001dc13a60000

Metaspace:

Usage:
  Non-class:     28.98 MB used.
      Class:      3.67 MB used.
       Both:     32.65 MB used.

Virtual space:
  Non-class space:       64.00 MB reserved,      29.12 MB ( 46%) committed,  1 nodes.
      Class space:        1.00 GB reserved,       3.75 MB ( <1%) committed,  1 nodes.
             Both:        1.06 GB reserved,      32.88 MB (  3%) committed. 

Chunk freelists:
   Non-Class:  2.75 MB
       Class:  12.13 MB
        Both:  14.88 MB

MaxMetaspaceSize: unlimited
CompressedClassSpaceSize: 1.00 GB
Initial GC threshold: 21.00 MB
Current GC threshold: 35.12 MB
CDS: off
MetaspaceReclaimPolicy: balanced
 - commit_granule_bytes: 65536.
 - commit_granule_words: 8192.
 - virtual_space_node_default_size: 8388608.
 - enlarge_chunks_in_place: 1.
 - new_chunks_are_fully_committed: 0.
 - uncommit_free_chunks: 1.
 - use_allocation_guard: 0.
 - handle_deallocations: 1.


Internal statistics:

num_allocs_failed_limit: 3.
num_arena_births: 150.
num_arena_deaths: 0.
num_vsnodes_births: 2.
num_vsnodes_deaths: 0.
num_space_committed: 526.
num_space_uncommitted: 0.
num_chunks_returned_to_freelist: 3.
num_chunks_taken_from_freelist: 1025.
num_chunk_merges: 3.
num_chunk_splits: 708.
num_chunks_enlarged: 553.
num_inconsistent_stats: 0.

CodeHeap 'non-profiled nmethods': size=120000Kb used=2632Kb max_used=2632Kb free=117367Kb
 bounds [0x000001dc20420000, 0x000001dc206c0000, 0x000001dc27950000]
CodeHeap 'profiled nmethods': size=120000Kb used=9777Kb max_used=9777Kb free=110222Kb
 bounds [0x000001dc18950000, 0x000001dc192e0000, 0x000001dc1fe80000]
CodeHeap 'non-nmethods': size=5760Kb used=1202Kb max_used=1246Kb free=4558Kb
 bounds [0x000001dc1fe80000, 0x000001dc200f0000, 0x000001dc20420000]
 total_blobs=5191 nmethods=4689 adapters=414
 compilation: enabled
              stopped_count=0, restarted_count=0
 full_count=0

Compilation events (20 events):
Event: 2.255 Thread 0x000001dc34c7dbb0 4679       3       jdk.internal.org.objectweb.asm.MethodVisitor::visitMethodInsn (80 bytes)
Event: 2.255 Thread 0x000001dc34c7dbb0 nmethod 4679 0x000001dc192d6790 code [0x000001dc192d6960, 0x000001dc192d6e28]
Event: 2.255 Thread 0x000001dc34c7dbb0 4680       3       java.lang.invoke.InfoFromMemberName::getName (8 bytes)
Event: 2.255 Thread 0x000001dc34c7dbb0 nmethod 4680 0x000001dc192d6f90 code [0x000001dc192d7160, 0x000001dc192d7568]
Event: 2.255 Thread 0x000001dc34c7dbb0 4681       3       java.lang.invoke.InfoFromMemberName::getMethodType (8 bytes)
Event: 2.255 Thread 0x000001dc34c7dbb0 nmethod 4681 0x000001dc192d7690 code [0x000001dc192d7840, 0x000001dc192d7988]
Event: 2.255 Thread 0x000001dc34c7dbb0 4682       3       java.lang.invoke.TypeConvertingMethodAdapter::<init> (8 bytes)
Event: 2.256 Thread 0x000001dc34c7dbb0 nmethod 4682 0x000001dc192d7a90 code [0x000001dc192d7c20, 0x000001dc192d7d68]
Event: 2.256 Thread 0x000001dc34c7dbb0 4683       3       java.lang.invoke.MethodHandles$Lookup::getDirectMethodCommon (280 bytes)
Event: 2.257 Thread 0x000001dc34c7dbb0 nmethod 4683 0x000001dc192d7e10 code [0x000001dc192d8120, 0x000001dc192d91d8]
Event: 2.257 Thread 0x000001dc34c7dbb0 4684       3       java.lang.invoke.MethodHandles$Lookup::checkMethod (87 bytes)
Event: 2.257 Thread 0x000001dc34c7dbb0 nmethod 4684 0x000001dc192d9790 code [0x000001dc192d99a0, 0x000001dc192da118]
Event: 2.257 Thread 0x000001dc34c7dbb0 4685       3       java.lang.invoke.MethodHandles$Lookup::defineHiddenClass (69 bytes)
Event: 2.258 Thread 0x000001dc34c7dbb0 nmethod 4685 0x000001dc192da390 code [0x000001dc192da680, 0x000001dc192db458]
Event: 2.258 Thread 0x000001dc34c7dbb0 4686       3       jdk.internal.org.objectweb.asm.MethodVisitor::visitInsn (16 bytes)
Event: 2.258 Thread 0x000001dc34c7dbb0 nmethod 4686 0x000001dc192db990 code [0x000001dc192dbb40, 0x000001dc192dbd48]
Event: 2.258 Thread 0x000001dc34c7dbb0 4687       3       java.lang.reflect.AccessibleObject::setAccessible0 (7 bytes)
Event: 2.258 Thread 0x000001dc34c7dbb0 nmethod 4687 0x000001dc192dbe10 code [0x000001dc192dbfa0, 0x000001dc192dc0b8]
Event: 2.260 Thread 0x000001dc34c7dbb0 4689       3       com.sun.tools.javac.util.List::nil (4 bytes)
Event: 2.260 Thread 0x000001dc34c7dbb0 nmethod 4689 0x000001dc192dc190 code [0x000001dc192dc320, 0x000001dc192dc418]

GC Heap History (16 events):
Event: 0.489 GC heap before
{Heap before GC invocations=0 (full 0):
 garbage-first heap   total 262144K, used 22528K [0x0000000701200000, 0x0000000800000000)
  region size 2048K, 11 young (22528K), 0 survivors (0K)
 Metaspace       used 14547K, committed 14784K, reserved 1114112K
  class space    used 1499K, committed 1600K, reserved 1048576K
}
Event: 0.492 GC heap after
{Heap after GC invocations=1 (full 0):
 garbage-first heap   total 262144K, used 3949K [0x0000000701200000, 0x0000000800000000)
  region size 2048K, 2 young (4096K), 2 survivors (4096K)
 Metaspace       used 14547K, committed 14784K, reserved 1114112K
  class space    used 1499K, committed 1600K, reserved 1048576K
}
Event: 0.830 GC heap before
{Heap before GC invocations=1 (full 0):
 garbage-first heap   total 262144K, used 34669K [0x0000000701200000, 0x0000000800000000)
  region size 2048K, 18 young (36864K), 2 survivors (4096K)
 Metaspace       used 18925K, committed 19136K, reserved 1114112K
  class space    used 2070K, committed 2176K, reserved 1048576K
}
Event: 0.833 GC heap after
{Heap after GC invocations=2 (full 0):
 garbage-first heap   total 262144K, used 5618K [0x0000000701200000, 0x0000000800000000)
  region size 2048K, 1 young (2048K), 1 survivors (2048K)
 Metaspace       used 18925K, committed 19136K, reserved 1114112K
  class space    used 2070K, committed 2176K, reserved 1048576K
}
Event: 1.026 GC heap before
{Heap before GC invocations=2 (full 0):
 garbage-first heap   total 262144K, used 19954K [0x0000000701200000, 0x0000000800000000)
  region size 2048K, 9 young (18432K), 1 survivors (2048K)
 Metaspace       used 21372K, committed 21504K, reserved 1114112K
  class space    used 2417K, committed 2496K, reserved 1048576K
}
Event: 1.027 GC heap after
{Heap after GC invocations=3 (full 0):
 garbage-first heap   total 262144K, used 6672K [0x0000000701200000, 0x0000000800000000)
  region size 2048K, 2 young (4096K), 2 survivors (4096K)
 Metaspace       used 21372K, committed 21504K, reserved 1114112K
  class space    used 2417K, committed 2496K, reserved 1048576K
}
Event: 1.253 GC heap before
{Heap before GC invocations=4 (full 0):
 garbage-first heap   total 34816K, used 23056K [0x0000000701200000, 0x0000000800000000)
  region size 2048K, 11 young (22528K), 2 survivors (4096K)
 Metaspace       used 24572K, committed 24768K, reserved 1114112K
  class space    used 2752K, committed 2816K, reserved 1048576K
}
Event: 1.257 GC heap after
{Heap after GC invocations=5 (full 0):
 garbage-first heap   total 34816K, used 9294K [0x0000000701200000, 0x0000000800000000)
  region size 2048K, 3 young (6144K), 3 survivors (6144K)
 Metaspace       used 24572K, committed 24768K, reserved 1114112K
  class space    used 2752K, committed 2816K, reserved 1048576K
}
Event: 1.274 GC heap before
{Heap before GC invocations=5 (full 0):
 garbage-first heap   total 34816K, used 11342K [0x0000000701200000, 0x0000000800000000)
  region size 2048K, 4 young (8192K), 3 survivors (6144K)
 Metaspace       used 24635K, committed 24768K, reserved 1114112K
  class space    used 2753K, committed 2816K, reserved 1048576K
}
Event: 1.279 GC heap after
{Heap after GC invocations=6 (full 0):
 garbage-first heap   total 34816K, used 9832K [0x0000000701200000, 0x0000000800000000)
  region size 2048K, 1 young (2048K), 1 survivors (2048K)
 Metaspace       used 24635K, committed 24768K, reserved 1114112K
  class space    used 2753K, committed 2816K, reserved 1048576K
}
Event: 1.374 GC heap before
{Heap before GC invocations=6 (full 0):
 garbage-first heap   total 34816K, used 22120K [0x0000000701200000, 0x0000000800000000)
  region size 2048K, 7 young (14336K), 1 survivors (2048K)
 Metaspace       used 25089K, committed 25280K, reserved 1114112K
  class space    used 2801K, committed 2880K, reserved 1048576K
}
Event: 1.377 GC heap after
{Heap after GC invocations=7 (full 0):
 garbage-first heap   total 34816K, used 10938K [0x0000000701200000, 0x0000000800000000)
  region size 2048K, 1 young (2048K), 1 survivors (2048K)
 Metaspace       used 25089K, committed 25280K, reserved 1114112K
  class space    used 2801K, committed 2880K, reserved 1048576K
}
Event: 1.457 GC heap before
{Heap before GC invocations=7 (full 0):
 garbage-first heap   total 34816K, used 23226K [0x0000000701200000, 0x0000000800000000)
  region size 2048K, 7 young (14336K), 1 survivors (2048K)
 Metaspace       used 25335K, committed 25472K, reserved 1114112K
  class space    used 2825K, committed 2880K, reserved 1048576K
}
Event: 1.461 GC heap after
{Heap after GC invocations=8 (full 0):
 garbage-first heap   total 149504K, used 12889K [0x0000000701200000, 0x0000000800000000)
  region size 2048K, 1 young (2048K), 1 survivors (2048K)
 Metaspace       used 25335K, committed 25472K, reserved 1114112K
  class space    used 2825K, committed 2880K, reserved 1048576K
}
Event: 2.158 GC heap before
{Heap before GC invocations=8 (full 0):
 garbage-first heap   total 149504K, used 129625K [0x0000000701200000, 0x0000000800000000)
  region size 2048K, 41 young (83968K), 1 survivors (2048K)
 Metaspace       used 30128K, committed 30400K, reserved 1114112K
  class space    used 3339K, committed 3456K, reserved 1048576K
}
Event: 2.164 GC heap after
{Heap after GC invocations=9 (full 0):
 garbage-first heap   total 149504K, used 22832K [0x0000000701200000, 0x0000000800000000)
  region size 2048K, 4 young (8192K), 4 survivors (8192K)
 Metaspace       used 30128K, committed 30400K, reserved 1114112K
  class space    used 3339K, committed 3456K, reserved 1048576K
}

Dll operation events (4 events):
Event: 0.004 Loaded shared library C:\Users\0.0\.jdks\jbrsdk-17.0.9\bin\java.dll
Event: 0.023 Loaded shared library C:\Users\0.0\.jdks\jbrsdk-17.0.9\bin\jsvml.dll
Event: 0.093 Loaded shared library C:\Users\0.0\.jdks\jbrsdk-17.0.9\bin\zip.dll
Event: 0.220 Loaded shared library C:\Users\0.0\.jdks\jbrsdk-17.0.9\bin\verify.dll

Deoptimization events (20 events):
Event: 2.091 Thread 0x000001dc1399b7f0 Uncommon trap: trap_request=0xffffff45 fr.pc=0x000001dc206863a0 relative=0x0000000000000200
Event: 2.091 Thread 0x000001dc1399b7f0 Uncommon trap: reason=unstable_if action=reinterpret pc=0x000001dc206863a0 method=jdk.nio.zipfs.ZipFileSystem$IndexNode.normalize([B)[B @ 66 c2
Event: 2.091 Thread 0x000001dc1399b7f0 DEOPT PACKING pc=0x000001dc206863a0 sp=0x0000002ad09fc0a0
Event: 2.091 Thread 0x000001dc1399b7f0 DEOPT UNPACKING pc=0x000001dc1fed69a3 sp=0x0000002ad09fc018 mode 2
Event: 2.109 Thread 0x000001dc1399b7f0 Uncommon trap: trap_request=0xffffff45 fr.pc=0x000001dc20646468 relative=0x00000000000002c8
Event: 2.109 Thread 0x000001dc1399b7f0 Uncommon trap: reason=unstable_if action=reinterpret pc=0x000001dc20646468 method=java.util.stream.StreamOpFlag.fromCharacteristics(Ljava/util/Spliterator;)I @ 10 c2
Event: 2.109 Thread 0x000001dc1399b7f0 DEOPT PACKING pc=0x000001dc20646468 sp=0x0000002ad09fced0
Event: 2.109 Thread 0x000001dc1399b7f0 DEOPT UNPACKING pc=0x000001dc1fed69a3 sp=0x0000002ad09fce30 mode 2
Event: 2.111 Thread 0x000001dc1399b7f0 Uncommon trap: trap_request=0xffffff45 fr.pc=0x000001dc206897dc relative=0x000000000000025c
Event: 2.111 Thread 0x000001dc1399b7f0 Uncommon trap: reason=unstable_if action=reinterpret pc=0x000001dc206897dc method=java.util.Arrays.hashCode([B)I @ 1 c2
Event: 2.111 Thread 0x000001dc1399b7f0 DEOPT PACKING pc=0x000001dc206897dc sp=0x0000002ad09fd080
Event: 2.111 Thread 0x000001dc1399b7f0 DEOPT UNPACKING pc=0x000001dc1fed69a3 sp=0x0000002ad09fcfb0 mode 2
Event: 2.112 Thread 0x000001dc1399b7f0 Uncommon trap: trap_request=0xffffff45 fr.pc=0x000001dc20687474 relative=0x00000000000000d4
Event: 2.112 Thread 0x000001dc1399b7f0 Uncommon trap: reason=unstable_if action=reinterpret pc=0x000001dc20687474 method=jdk.nio.zipfs.ZipConstants.pkSigAt([BIII)Z @ 5 c2
Event: 2.112 Thread 0x000001dc1399b7f0 DEOPT PACKING pc=0x000001dc20687474 sp=0x0000002ad09fcec0
Event: 2.112 Thread 0x000001dc1399b7f0 DEOPT UNPACKING pc=0x000001dc1fed69a3 sp=0x0000002ad09fce68 mode 2
Event: 2.123 Thread 0x000001dc1399b7f0 Uncommon trap: trap_request=0xffffff76 fr.pc=0x000001dc206892c8 relative=0x00000000000001a8
Event: 2.123 Thread 0x000001dc1399b7f0 Uncommon trap: reason=predicate action=maybe_recompile pc=0x000001dc206892c8 method=java.util.LinkedHashMap.valuesToArray([Ljava/lang/Object;)[Ljava/lang/Object; @ 12 c2
Event: 2.123 Thread 0x000001dc1399b7f0 DEOPT PACKING pc=0x000001dc206892c8 sp=0x0000002ad09fcf50
Event: 2.123 Thread 0x000001dc1399b7f0 DEOPT UNPACKING pc=0x000001dc1fed69a3 sp=0x0000002ad09fcf08 mode 2

Classes unloaded (0 events):
No events

Classes redefined (0 events):
No events

Internal exceptions (20 events):
Event: 1.147 Thread 0x000001dc1399b7f0 Implicit null exception at 0x000001dc2049b8f2 to 0x000001dc2049becc
Event: 1.147 Thread 0x000001dc1399b7f0 Implicit null exception at 0x000001dc20450472 to 0x000001dc20450a60
Event: 1.395 Thread 0x000001dc1399b7f0 Implicit null exception at 0x000001dc205220af to 0x000001dc2052219c
Event: 1.395 Thread 0x000001dc1399b7f0 Implicit null exception at 0x000001dc204e93ef to 0x000001dc204e95dc
Event: 1.395 Thread 0x000001dc1399b7f0 Implicit null exception at 0x000001dc20451cd8 to 0x000001dc20451d6e
Event: 1.398 Thread 0x000001dc1399b7f0 Exception <a 'java/lang/NoSuchMethodError'{0x00000007101abe20}: 'int java.lang.invoke.DirectMethodHandle$Holder.invokeSpecialIFC(java.lang.Object, java.lang.Object, java.lang.Object, java.lang.Object)'> (0x00000007101abe20) 
thrown [s\src\hotspot\share\interpreter\linkResolver.cpp, line 771]
Event: 1.678 Thread 0x000001dc1399b7f0 Implicit null exception at 0x000001dc204de80f to 0x000001dc204de889
Event: 1.740 Thread 0x000001dc1399b7f0 Exception <a 'java/lang/NoSuchMethodError'{0x00000007080a7a68}: 'java.lang.Object java.lang.invoke.DirectMethodHandle$Holder.newInvokeSpecial(java.lang.Object, java.lang.Object, java.lang.Object, java.lang.Object, java.lang.Object, java.lang.Object, java.lang.Object)'> (0x00000007080a7a68) 
thrown [s\src\hotspot\share\interpreter\linkResolver.cpp, line 771]
Event: 1.740 Thread 0x000001dc1399b7f0 Exception <a 'java/lang/NoSuchMethodError'{0x00000007080ac378}: 'java.lang.Object java.lang.invoke.Invokers$Holder.linkToTargetMethod(java.lang.Object, java.lang.Object, java.lang.Object, java.lang.Object, java.lang.Object, java.lang.Object, java.lang.Object)'> (0x00000007080ac378) 
thrown [s\src\hotspot\share\interpreter\linkResolver.cpp, line 771]
Event: 1.824 Thread 0x000001dc1399b7f0 Exception <a 'java/lang/NoSuchMethodError'{0x000000070764d2e8}: 'java.lang.Object java.lang.invoke.DirectMethodHandle$Holder.invokeVirtual(java.lang.Object, java.lang.Object, java.lang.Object)'> (0x000000070764d2e8) 
thrown [s\src\hotspot\share\interpreter\linkResolver.cpp, line 771]
Event: 1.824 Thread 0x000001dc1399b7f0 Exception <a 'java/lang/NoSuchMethodError'{0x00000007076548e0}: 'void java.lang.invoke.DirectMethodHandle$Holder.invokeSpecial(java.lang.Object, java.lang.Object, java.lang.Object, java.lang.Object, java.lang.Object, java.lang.Object)'> (0x00000007076548e0) 
thrown [s\src\hotspot\share\interpreter\linkResolver.cpp, line 771]
Event: 1.825 Thread 0x000001dc1399b7f0 Exception <a 'java/lang/NoSuchMethodError'{0x000000070765ff78}: 'int java.lang.invoke.DirectMethodHandle$Holder.invokeVirtual(java.lang.Object, java.lang.Object)'> (0x000000070765ff78) 
thrown [s\src\hotspot\share\interpreter\linkResolver.cpp, line 771]
Event: 2.029 Thread 0x000001dc1399b7f0 Exception <a 'java/lang/NoSuchMethodError'{0x00000007062cea60}: 'int java.lang.invoke.DirectMethodHandle$Holder.invokeInterface(java.lang.Object, java.lang.Object)'> (0x00000007062cea60) 
thrown [s\src\hotspot\share\interpreter\linkResolver.cpp, line 771]
Event: 2.072 Thread 0x000001dc1399b7f0 Exception <a 'java/lang/NoSuchMethodError'{0x0000000705c756b0}: 'int java.lang.invoke.DirectMethodHandle$Holder.invokeVirtual(java.lang.Object, java.lang.Object, java.lang.Object)'> (0x0000000705c756b0) 
thrown [s\src\hotspot\share\interpreter\linkResolver.cpp, line 771]
Event: 2.072 Thread 0x000001dc1399b7f0 Exception <a 'java/lang/NoSuchMethodError'{0x0000000705c7bcb0}: 'void java.lang.invoke.DirectMethodHandle$Holder.invokeInterface(java.lang.Object, java.lang.Object, java.lang.Object)'> (0x0000000705c7bcb0) 
thrown [s\src\hotspot\share\interpreter\linkResolver.cpp, line 771]
Event: 2.074 Thread 0x000001dc1399b7f0 Exception <a 'java/lang/NoSuchMethodError'{0x0000000705c95ef0}: 'int java.lang.invoke.DirectMethodHandle$Holder.invokeStaticInit(java.lang.Object, java.lang.Object, java.lang.Object)'> (0x0000000705c95ef0) 
thrown [s\src\hotspot\share\interpreter\linkResolver.cpp, line 771]
Event: 2.111 Thread 0x000001dc1399b7f0 Implicit null exception at 0x000001dc206895f9 to 0x000001dc206897ca
Event: 2.146 Thread 0x000001dc1399b7f0 Exception <a 'sun/nio/fs/WindowsException'{0x000000070550c7a0}> (0x000000070550c7a0) 
thrown [s\src\hotspot\share\prims\jni.cpp, line 517]
Event: 2.146 Thread 0x000001dc1399b7f0 Exception <a 'sun/nio/fs/WindowsException'{0x000000070550cc00}> (0x000000070550cc00) 
thrown [s\src\hotspot\share\prims\jni.cpp, line 517]
Event: 2.258 Thread 0x000001dc1399b7f0 Exception <a 'java/lang/NoSuchMethodError'{0x0000000709706628}: 'java.lang.Object java.lang.invoke.DirectMethodHandle$Holder.newInvokeSpecial(java.lang.Object, java.lang.Object, java.lang.Object, java.lang.Object, java.lang.Object, java.lang.Object)'> (0x0000000709706628) 
thrown [s\src\hotspot\share\interpreter\linkResolver.cpp, line 771]

VM Operations (20 events):
Event: 1.994 Executing VM operation: HandshakeAllThreads
Event: 1.994 Executing VM operation: HandshakeAllThreads done
Event: 2.027 Executing VM operation: HandshakeAllThreads
Event: 2.027 Executing VM operation: HandshakeAllThreads done
Event: 2.075 Executing VM operation: HandshakeAllThreads
Event: 2.075 Executing VM operation: HandshakeAllThreads done
Event: 2.078 Executing VM operation: HandshakeAllThreads
Event: 2.078 Executing VM operation: HandshakeAllThreads done
Event: 2.082 Executing VM operation: HandshakeAllThreads
Event: 2.082 Executing VM operation: HandshakeAllThreads done
Event: 2.083 Executing VM operation: HandshakeAllThreads
Event: 2.083 Executing VM operation: HandshakeAllThreads done
Event: 2.137 Executing VM operation: HandshakeAllThreads
Event: 2.137 Executing VM operation: HandshakeAllThreads done
Event: 2.137 Executing VM operation: HandshakeAllThreads
Event: 2.137 Executing VM operation: HandshakeAllThreads done
Event: 2.139 Executing VM operation: ICBufferFull
Event: 2.139 Executing VM operation: ICBufferFull done
Event: 2.158 Executing VM operation: G1CollectForAllocation
Event: 2.164 Executing VM operation: G1CollectForAllocation done

Events (20 events):
Event: 2.136 loading class java/nio/ByteBufferAsIntBufferL
Event: 2.136 loading class java/nio/ByteBufferAsIntBufferL done
Event: 2.137 loading class jdk/internal/jimage/ImageReader$Resource
Event: 2.137 loading class jdk/internal/jimage/ImageReader$Resource done
Event: 2.138 loading class jdk/internal/jrtfs/JrtFileAttributes
Event: 2.138 loading class jdk/internal/jrtfs/JrtFileAttributes done
Event: 2.145 loading class sun/nio/fs/WindowsException
Event: 2.146 loading class sun/nio/fs/WindowsException done
Event: 2.146 loading class sun/nio/fs/WindowsDirectoryStream
Event: 2.146 loading class sun/nio/fs/WindowsDirectoryStream done
Event: 2.148 loading class java/lang/invoke/BoundMethodHandle$Species_LLL
Event: 2.148 loading class java/lang/invoke/BoundMethodHandle$Species_LLL done
Event: 2.149 loading class java/lang/invoke/MethodHandles$1
Event: 2.149 loading class java/lang/invoke/MethodHandles$1 done
Event: 2.149 loading class java/lang/invoke/BoundMethodHandle$Species_LJ
Event: 2.149 loading class java/lang/invoke/BoundMethodHandle$Species_LJ done
Event: 2.150 loading class java/lang/invoke/BoundMethodHandle$Species_LLLL
Event: 2.150 loading class java/lang/invoke/BoundMethodHandle$Species_LLLL done
Event: 2.155 loading class java/util/regex/Pattern$GroupCurly
Event: 2.155 loading class java/util/regex/Pattern$GroupCurly done


Dynamic libraries:
0x00007ff7bd7f0000 - 0x00007ff7bd7fa000 	C:\Users\0.0\.jdks\jbrsdk-17.0.9\bin\java.exe
0x00007ff9570d0000 - 0x00007ff9572c8000 	C:\Windows\SYSTEM32\ntdll.dll
0x00007ff956d70000 - 0x00007ff956e2d000 	C:\Windows\System32\KERNEL32.DLL
0x00007ff954d10000 - 0x00007ff955006000 	C:\Windows\System32\KERNELBASE.dll
0x00007ff954b20000 - 0x00007ff954c20000 	C:\Windows\System32\ucrtbase.dll
0x00007ff93c7a0000 - 0x00007ff93c7b7000 	C:\Users\0.0\.jdks\jbrsdk-17.0.9\bin\jli.dll
0x00007ff93b280000 - 0x00007ff93b29b000 	C:\Users\0.0\.jdks\jbrsdk-17.0.9\bin\VCRUNTIME140.dll
0x00007ff9553b0000 - 0x00007ff95554e000 	C:\Windows\System32\USER32.dll
0x00007ff93c8c0000 - 0x00007ff93cb5a000 	C:\Windows\WinSxS\amd64_microsoft.windows.common-controls_6595b64144ccf1df_6.0.19041.3636_none_60b6a03d71f818d5\COMCTL32.dll
0x00007ff954c50000 - 0x00007ff954c72000 	C:\Windows\System32\win32u.dll
0x00007ff956bf0000 - 0x00007ff956c8e000 	C:\Windows\System32\msvcrt.dll
0x00007ff955c00000 - 0x00007ff955c2c000 	C:\Windows\System32\GDI32.dll
0x00007ff9547b0000 - 0x00007ff9548ca000 	C:\Windows\System32\gdi32full.dll
0x00007ff9548d0000 - 0x00007ff95496d000 	C:\Windows\System32\msvcp_win.dll
0x00007ff955f10000 - 0x00007ff955f40000 	C:\Windows\System32\IMM32.DLL
0x00007ff93d510000 - 0x00007ff93d51c000 	C:\Users\0.0\.jdks\jbrsdk-17.0.9\bin\vcruntime140_1.dll
0x00007ff905d10000 - 0x00007ff905d9d000 	C:\Users\0.0\.jdks\jbrsdk-17.0.9\bin\msvcp140.dll
0x00007ff8d5d30000 - 0x00007ff8d69b3000 	C:\Users\0.0\.jdks\jbrsdk-17.0.9\bin\server\jvm.dll
0x00007ff955300000 - 0x00007ff9553af000 	C:\Windows\System32\ADVAPI32.dll
0x00007ff955a70000 - 0x00007ff955b0c000 	C:\Windows\System32\sechost.dll
0x00007ff955c30000 - 0x00007ff955d56000 	C:\Windows\System32\RPCRT4.dll
0x00007ff953d10000 - 0x00007ff953d5b000 	C:\Windows\SYSTEM32\POWRPROF.dll
0x00007ff950610000 - 0x00007ff950619000 	C:\Windows\SYSTEM32\WSOCK32.dll
0x00007ff94ce80000 - 0x00007ff94ce8a000 	C:\Windows\SYSTEM32\VERSION.dll
0x00007ff945b10000 - 0x00007ff945b37000 	C:\Windows\SYSTEM32\WINMM.dll
0x00007ff957000000 - 0x00007ff95706b000 	C:\Windows\System32\WS2_32.dll
0x00007ff953bd0000 - 0x00007ff953be2000 	C:\Windows\SYSTEM32\UMPDC.dll
0x00007ff952690000 - 0x00007ff9526a2000 	C:\Windows\SYSTEM32\kernel.appcore.dll
0x00007ff93d220000 - 0x00007ff93d22a000 	C:\Users\0.0\.jdks\jbrsdk-17.0.9\bin\jimage.dll
0x00007ff93ef20000 - 0x00007ff93f104000 	C:\Windows\SYSTEM32\DBGHELP.DLL
0x00007ff934800000 - 0x00007ff934834000 	C:\Windows\SYSTEM32\dbgcore.DLL
0x00007ff954c80000 - 0x00007ff954d02000 	C:\Windows\System32\bcryptPrimitives.dll
0x00007ff94fb70000 - 0x00007ff94fb7e000 	C:\Users\0.0\.jdks\jbrsdk-17.0.9\bin\instrument.dll
0x00007ff91cb60000 - 0x00007ff91cb85000 	C:\Users\0.0\.jdks\jbrsdk-17.0.9\bin\java.dll
0x00007ff9300d0000 - 0x00007ff9300e8000 	C:\Users\0.0\.jdks\jbrsdk-17.0.9\bin\zip.dll
0x00007ff905c30000 - 0x00007ff905d07000 	C:\Users\0.0\.jdks\jbrsdk-17.0.9\bin\jsvml.dll
0x00007ff9564a0000 - 0x00007ff956be4000 	C:\Windows\System32\SHELL32.dll
0x00007ff952890000 - 0x00007ff95302b000 	C:\Windows\SYSTEM32\windows.storage.dll
0x00007ff9560e0000 - 0x00007ff956434000 	C:\Windows\System32\combase.dll
0x00007ff9541f0000 - 0x00007ff95421d000 	C:\Windows\SYSTEM32\Wldp.dll
0x00007ff955550000 - 0x00007ff9555fd000 	C:\Windows\System32\SHCORE.dll
0x00007ff956c90000 - 0x00007ff956ce5000 	C:\Windows\System32\shlwapi.dll
0x00007ff9546e0000 - 0x00007ff954705000 	C:\Windows\SYSTEM32\profapi.dll
0x00007ff92f960000 - 0x00007ff92f979000 	C:\Users\0.0\.jdks\jbrsdk-17.0.9\bin\net.dll
0x00007ff94cd70000 - 0x00007ff94ce7a000 	C:\Windows\SYSTEM32\WINHTTP.dll
0x00007ff953f50000 - 0x00007ff953fba000 	C:\Windows\system32\mswsock.dll
0x00007ff92f890000 - 0x00007ff92f8a6000 	C:\Users\0.0\.jdks\jbrsdk-17.0.9\bin\nio.dll
0x00007ff94dd00000 - 0x00007ff94dd1a000 	C:\Program Files\JetBrains\IntelliJ IDEA Community Edition 2023.3\bin\breakgen64.dll
0x0000000069ac0000 - 0x0000000069ae4000 	C:\Users\0.0\AppData\Local\Temp\jansi-2.4.0-84ca43ade06ddd-jansi.dll
0x00007ff93b990000 - 0x00007ff93b9a0000 	C:\Users\0.0\.jdks\jbrsdk-17.0.9\bin\verify.dll

dbghelp: loaded successfully - version: 4.0.5 - missing functions: none
symbol engine: initialized successfully - sym options: 0x614 - pdb path: .;C:\Users\0.0\.jdks\jbrsdk-17.0.9\bin;C:\Windows\SYSTEM32;C:\Windows\WinSxS\amd64_microsoft.windows.common-controls_6595b64144ccf1df_6.0.19041.3636_none_60b6a03d71f818d5;C:\Users\0.0\.jdks\jbrsdk-17.0.9\bin\server;C:\Program Files\JetBrains\IntelliJ IDEA Community Edition 2023.3\bin;C:\Users\0.0\AppData\Local\Temp

VM Arguments:
jvm_args: -Dmaven.multiModuleProjectDirectory=D:\PROYECTOS\SPRING+ANGULAR+ADRES+GUZMAN\Egresados-frontend\backendSpringboot -Djansi.passthrough=true -Dmaven.home=C:\Users\0.0\.m2\wrapper\dists\apache-maven-3.9.5-bin\2adeog8mj13csp1uusqnc1f2mo\apache-maven-3.9.5 -Dclassworlds.conf=C:\Users\0.0\.m2\wrapper\dists\apache-maven-3.9.5-bin\2adeog8mj13csp1uusqnc1f2mo\apache-maven-3.9.5\bin\m2.conf -Dmaven.ext.class.path=C:\Program Files\JetBrains\IntelliJ IDEA Community Edition 2023.3\plugins\maven\lib\maven-event-listener.jar -javaagent:C:\Program Files\JetBrains\IntelliJ IDEA Community Edition 2023.3\lib\idea_rt.jar=57799:C:\Program Files\JetBrains\IntelliJ IDEA Community Edition 2023.3\bin -Dfile.encoding=UTF-8 
java_command: org.codehaus.classworlds.Launcher -Didea.version=2023.3 org.springframework.boot:spring-boot-maven-plugin:3.2.0:run
java_class_path (initial): C:\Users\0.0\.m2\wrapper\dists\apache-maven-3.9.5-bin\2adeog8mj13csp1uusqnc1f2mo\apache-maven-3.9.5\boot\plexus-classworlds-2.7.0.jar;C:\Users\0.0\.m2\wrapper\dists\apache-maven-3.9.5-bin\2adeog8mj13csp1uusqnc1f2mo\apache-maven-3.9.5\boot\plexus-classworlds.license
Launcher Type: SUN_STANDARD

[Global flags]
     intx CICompilerCount                          = 4                                         {product} {ergonomic}
     uint ConcGCThreads                            = 3                                         {product} {ergonomic}
     uint G1ConcRefinementThreads                  = 10                                        {product} {ergonomic}
   size_t G1HeapRegionSize                         = 2097152                                   {product} {ergonomic}
    uintx GCDrainStackTargetSize                   = 64                                        {product} {ergonomic}
   size_t InitialHeapSize                          = 268435456                                 {product} {ergonomic}
   size_t MarkStackSize                            = 4194304                                   {product} {ergonomic}
   size_t MaxHeapSize                              = 4276092928                                {product} {ergonomic}
   size_t MaxNewSize                               = 2564816896                                {product} {ergonomic}
   size_t MinHeapDeltaBytes                        = 2097152                                   {product} {ergonomic}
   size_t MinHeapSize                              = 8388608                                   {product} {ergonomic}
    uintx NonNMethodCodeHeapSize                   = 5839372                                {pd product} {ergonomic}
    uintx NonProfiledCodeHeapSize                  = 122909434                              {pd product} {ergonomic}
    uintx ProfiledCodeHeapSize                     = 122909434                              {pd product} {ergonomic}
    uintx ReservedCodeCacheSize                    = 251658240                              {pd product} {ergonomic}
     bool SegmentedCodeCache                       = true                                      {product} {ergonomic}
   size_t SoftMaxHeapSize                          = 4276092928                             {manageable} {ergonomic}
     bool UseCompressedClassPointers               = true                           {product lp64_product} {ergonomic}
     bool UseCompressedOops                        = true                           {product lp64_product} {ergonomic}
     bool UseG1GC                                  = true                                      {product} {ergonomic}
     bool UseLargePagesIndividualAllocation        = false                                  {pd product} {ergonomic}

Logging:
Log output configuration:
 #0: stdout all=warning uptime,level,tags
 #1: stderr all=off uptime,level,tags

Environment Variables:
PATH=C:\Windows\system32;C:\Windows;C:\Windows\System32\Wbem;C:\Windows\System32\WindowsPowerShell\v1.0\;C:\Windows\System32\OpenSSH\;C:\Program Files (x86)\NVIDIA Corporation\PhysX\Common;C:\Program Files\NVIDIA Corporation\NVIDIA NvDLISR;C:\Program Files (x86)\nodejs\;C:\Program Files\Git\cmd;C:\Users\0.0\AppData\Local\Microsoft\WindowsApps;C:\Users\0.0\AppData\Local\Programs\Microsoft VS Code\bin;C:\Users\0.0\AppData\Local\GitHubDesktop\bin;C:\Users\0.0\AppData\Roaming\npm
USERNAME=0.0
OS=Windows_NT
PROCESSOR_IDENTIFIER=AMD64 Family 23 Model 113 Stepping 0, AuthenticAMD
TMP=C:\Users\0.0\AppData\Local\Temp
TEMP=C:\Users\0.0\AppData\Local\Temp



Periodic native trim disabled

JNI global refs:
JNI global refs: 14, weak refs: 0

JNI global refs memory usage: 843, weak refs: 841

OOME stack traces (most recent first):
Classloader memory used:
Loader bootstrap                                                                       : 1787K
Loader org.codehaus.plexus.classworlds.realm.ClassRealm                                : 1697K
Loader jdk.internal.loader.ClassLoaders$AppClassLoader                                 : 627K
Loader jdk.internal.loader.ClassLoaders$PlatformClassLoader                            : 55672B
Loader jdk.internal.reflect.DelegatingClassLoader                                      : 6399B
Loader org.eclipse.sisu.space.CloningClassSpace$CloningClassLoader                     : 5226B

Classes loaded by more than one classloader:
Class org.codehaus.plexus.interpolation.InterpolationException                        : loaded 2 times (x 81B)
Class org.codehaus.plexus.interpolation.InterpolationPostProcessor                    : loaded 2 times (x 68B)
Class org.codehaus.plexus.util.DirectoryScanner                                       : loaded 2 times (x 113B)
Class org.codehaus.plexus.interpolation.AbstractDelegatingValueSource                 : loaded 2 times (x 79B)
Class org.codehaus.plexus.interpolation.BasicInterpolator                             : loaded 2 times (x 68B)
Class org.codehaus.plexus.util.Scanner                                                : loaded 2 times (x 68B)
Class org.codehaus.plexus.interpolation.PrefixedObjectValueSource                     : loaded 2 times (x 83B)
Class [Lorg.codehaus.plexus.util.MatchPattern;                                        : loaded 2 times (x 67B)
Class org.codehaus.plexus.interpolation.ValueSource                                   : loaded 2 times (x 68B)
Class org.codehaus.plexus.util.AbstractScanner                                        : loaded 2 times (x 98B)
Class org.codehaus.plexus.util.MatchPattern                                           : loaded 2 times (x 76B)
Class org.codehaus.plexus.interpolation.RecursionInterceptor                          : loaded 2 times (x 68B)
Class org.apache.maven.shared.utils.logging.MessageBuilder                            : loaded 2 times (x 68B)
Class org.codehaus.plexus.interpolation.ObjectBasedValueSource                        : loaded 2 times (x 80B)
Class org.codehaus.plexus.interpolation.SimpleRecursionInterceptor                    : loaded 2 times (x 82B)
Class org.codehaus.plexus.interpolation.PrefixAwareRecursionInterceptor               : loaded 2 times (x 82B)
Class org.codehaus.plexus.interpolation.PropertiesBasedValueSource                    : loaded 2 times (x 80B)
Class org.codehaus.plexus.interpolation.PrefixedValueSourceWrapper                    : loaded 2 times (x 84B)
Class org.codehaus.plexus.interpolation.QueryEnabledValueSource                       : loaded 2 times (x 68B)
Class org.codehaus.plexus.interpolation.AbstractValueSource                           : loaded 2 times (x 80B)
Class org.codehaus.plexus.util.MatchPatterns                                          : loaded 2 times (x 74B)
Class org.codehaus.plexus.interpolation.InterpolationCycleException                   : loaded 2 times (x 81B)
Class org.codehaus.plexus.util.SelectorUtils                                          : loaded 2 times (x 69B)
Class org.codehaus.plexus.interpolation.FeedbackEnabledValueSource                    : loaded 2 times (x 68B)
Class org.codehaus.plexus.util.StringUtils                                            : loaded 2 times (x 69B)
Class org.apache.commons.lang3.StringUtils                                            : loaded 2 times (x 69B)
Class org.codehaus.plexus.interpolation.Interpolator                                  : loaded 2 times (x 68B)


---------------  S Y S T E M  ---------------

OS:
 Windows 10 , 64 bit Build 19041 (10.0.19041.3636)
OS uptime: 1 days 20:14 hours

CPU: total 12 (initial active 12) (12 cores per cpu, 2 threads per core) family 23 model 113 stepping 0 microcode 0x0, cx8, cmov, fxsr, ht, mmx, 3dnowpref, sse, sse2, sse3, ssse3, sse4a, sse4.1, sse4.2, popcnt, lzcnt, tsc, tscinvbit, avx, avx2, aes, clmul, bmi1, bmi2, adx, sha, fma, vzeroupper, clflush, clflushopt
Processor Information for all 12 processors :
  Max Mhz: 3700, Current Mhz: 3700, Mhz Limit: 3700

Memory: 4k page, system-wide physical 16309M (6874M free)
TotalPageFile size 19253M (AvailPageFile size 3902M)
current process WorkingSet (physical memory assigned to process): 287M, peak: 287M
current process commit charge ("private bytes"): 333M, peak: 389M

vm_info: OpenJDK 64-Bit Server VM (17.0.9+7-b1087.7) for windows-amd64 JRE (17.0.9+7-b1087.7), built on 2023-11-17 by "builduser" with MS VC++ 16.10 / 16.11 (VS2019)

END.
